<?xml version="1.0" encoding="UTF-8" ?>
<testsuite errors="1" failures="0" hostname="tarsus-vm1" name="com.topcoder.math.roundingfactory.AllTests" skipped="0" tests="1" time="0.0" timestamp="2014-01-12T04:36:53">
  <properties>
[...]
</properties>
  <error type="java.lang.reflect.InvocationTargetException">java.lang.reflect.InvocationTargetException
Caused by: java.lang.NoClassDefFoundError: com/topcoder/util/errorhandling/BaseException
	at java.lang.ClassLoader.defineClass1(Native Method)
	at java.lang.ClassLoader.defineClass(ClassLoader.java:800)
	at java.security.SecureClassLoader.defineClass(SecureClassLoader.java:142)
	at java.net.URLClassLoader.defineClass(URLClassLoader.java:449)
	at java.net.URLClassLoader.access$100(URLClassLoader.java:71)
	at java.net.URLClassLoader$1.run(URLClassLoader.java:361)
	at java.net.URLClassLoader$1.run(URLClassLoader.java:355)
	at java.security.AccessController.doPrivileged(Native Method)
	at java.net.URLClassLoader.findClass(URLClassLoader.java:354)
	at java.lang.ClassLoader.loadClass(ClassLoader.java:425)
	at sun.misc.Launcher$AppClassLoader.loadClass(Launcher.java:308)
	at java.lang.ClassLoader.loadClass(ClassLoader.java:358)
	at java.lang.Class.forName0(Native Method)
	at java.lang.Class.forName(Class.java:190)
	at com.topcoder.math.roundingfactory.UnitTests.class$(UnitTests.java:42)
	at com.topcoder.math.roundingfactory.UnitTests.suite(UnitTests.java:42)
	at com.topcoder.math.roundingfactory.AllTests.suite(AllTests.java:26)
Caused by: java.lang.ClassNotFoundException: com.topcoder.util.errorhandling.BaseException
	at java.net.URLClassLoader$1.run(URLClassLoader.java:366)
	at java.net.URLClassLoader$1.run(URLClassLoader.java:355)
	at java.security.AccessController.doPrivileged(Native Method)
	at java.net.URLClassLoader.findClass(URLClassLoader.java:354)
	at java.lang.ClassLoader.loadClass(ClassLoader.java:425)
	at sun.misc.Launcher$AppClassLoader.loadClass(Launcher.java:308)
	at java.lang.ClassLoader.loadClass(ClassLoader.java:358)
</error>
  <system-out><![CDATA[]]></system-out>
  <system-err><![CDATA[]]></system-err>
</testsuite>
